1656585108895:help
1656586111475:exit
1656586937746:exit, quit
1656586951638:quit
1656606646510:create-user
1656606685332:create-user sitati
1656606708956:solomon
1656606716106:mabunde
1656608316873:exit
1656612614914:create-user sitati
1656617278926:help
1656617293758:menu
1656639253249:help
1656639266202:create-user
1656639275772:create-user sitati
1656639311254:create-user gitonga
1656639331774:help
1656639341106:list-students
1656639400008:menu
1656640240959:help
1656640256013:list-students
1656640295803:user-details gitongaa
1656640302536:user-details gitonga
1656640332604:help
1656640352397:user-details sitati
1656640371714:list-students
1656640957915:help
1656640971599:list-students
1656640993125:mealcard sitati
1656641022882:mealcard gitonga
1656642484233:help
1656642495456:mealcard
1656642502513:mealcard sitati
1656642580671:help
1656642589556:enrollstudent
1656642596666:enrollstudent sitati
1656642617654:enrollstudent
1656642630358:enrollstudent Alice
1656642653783:help
1656642665982:list-students
1656642821807:help
1656642831680:list-students
1656646815999:menu
1656647667186:stacktrace
1656647812759:menu
1656648025237:help
1656648047252:list-students
1656648268798:menu
1656650495788:help
1656650516106:recharge sitati 40.00
1656650528870:help
1656650557702:mealcard sitati
1656650653555:help
1656650671022:list-students
1656650701833:mealcard sitati
1656650845195:recharge sitai 40.00
1656651488825:help
1656651500789:list-students
1656651531659:check-balance Alice
1656651875763:help
1656651894452:check-balance sitati
1656651956153:stacktrace
1656668683481:help
1656668705729:buy
1656668785881:help
1656668790553:buy
1656668800637:buy sitati
1656673032127:help
1656673045456:enrollstudent sitati
1656673069327:help
1656673085985:recharge sitati
1656673099306:recharge sitati 1000.00
1656673134810:mealcard sitati
1656673157683:buy sitati
1656673520619:menu
1656673534226:buy sitati
1656677593184:help
